* 1c38ff7 : submit my code
* 8d36967 : RestaurantPizzaTests.java edited online with Bitbucket
* 019e1ae : RestaurantCustomerTests.java edited online with Bitbucket
* e4a23e1 : PizzaTests.java edited online with Bitbucket
* 823e95d : PizzaFactoryTests.java edited online with Bitbucket
* da29724 : LogHandlerPizzaTests.java edited online with Bitbucket
* 6309111 : LogHandlerCustomerTests.java edited online with Bitbucket
* 9c99953 : CustomerTests.java edited online with Bitbucket
* febf5f2 : CustomerFactoryTests.java edited online with Bitbucket
* 640c864 : PizzaRestaurant.java edited online with Bitbucket
* 4d48ac7 : LogHandler.java edited online with Bitbucket
* 0a33ea8 : VegetarianPizza.java edited online with Bitbucket
* d49f093 : PizzaFactory.java edited online with Bitbucket
* 13feaec : Pizza.java edited online with Bitbucket
* 13fcb15 : MeatLoversPizza.java edited online with Bitbucket
* 461f0b5 : MargheritaPizza.java edited online with Bitbucket
* 5c96b18 : PizzaGUI.java edited online with Bitbucket
* 0efa0ec : PickUpCustomer.java edited online with Bitbucket
* ce83386 : DroneDeliveryCustomer.java edited online with Bitbucket
* 728040e : DriverDeliveryCustomer.java edited online with Bitbucket
* 7c6ce37 : CustomerFactory.java edited online with Bitbucket
* f4dbac9 : Customer.java edited online with Bitbucket
* 836a0b6 : Customer.java edited online with Bitbucket
* 7dbe904 : Fixed typos
* 6c318c6 : Changed PizzaResturant.processLog to say 'true if the file was process correctly'
* d209e25 : Updating log files to remove empty final line
* 434d3ad : .
* f748592 : .
* dfba347 : .
* e951c1e : .commit 1c38ff79b27f2861deefe151abf4680853eed97f
Author: sara <saraal@saras-MBP.gateway>
Date:   Sun May 28 20:57:54 2017 +1000

    submit my code

commit 8d36967b322612f6b27c4e34eff95a6190a34bee
Author: sara <sara57@outlook.com>
Date:   Sun May 28 08:28:36 2017 +0000

    RestaurantPizzaTests.java edited online with Bitbucket

commit 019e1ae35315fbccaf6bea402ee5a67a8b3ecede
Author: sara <sara57@outlook.com>
Date:   Sun May 28 08:28:01 2017 +0000

    RestaurantCustomerTests.java edited online with Bitbucket

commit e4a23e148143d8e4980b29575e9cd95a69df86da
Author: sara <sara57@outlook.com>
Date:   Sun May 28 08:27:10 2017 +0000

    PizzaTests.java edited online with Bitbucket

commit 823e95d80def30fd48e95c65e30a3257d5e72685
Author: sara <sara57@outlook.com>
Date:   Sun May 28 08:26:25 2017 +0000

    PizzaFactoryTests.java edited online with Bitbucket

commit da29724416b40c90f05f9518a74ab9ef04d020f9
Author: sara <sara57@outlook.com>
Date:   Sun May 28 08:25:36 2017 +0000

    LogHandlerPizzaTests.java edited online with Bitbucket

commit 6309111cd581a9f39a973cfa0ad758281753d22c
Author: sara <sara57@outlook.com>
Date:   Sun May 28 08:24:52 2017 +0000

    LogHandlerCustomerTests.java edited online with Bitbucket

commit 9c9995348e2a4c5aab8aa3e4ee96c43b916025d2
Author: sara <sara57@outlook.com>
Date:   Sun May 28 08:23:39 2017 +0000

    CustomerTests.java edited online with Bitbucket

commit febf5f235b170cad55632616f4a38a0c2bd69007
Author: sara <sara57@outlook.com>
Date:   Sun May 28 08:22:24 2017 +0000

    CustomerFactoryTests.java edited online with Bitbucket

commit 640c864f86263e821ab59f0d335c75d3f28c30e7
Author: sara <sara57@outlook.com>
Date:   Sun May 28 08:21:19 2017 +0000

    PizzaRestaurant.java edited online with Bitbucket

commit 4d48ac78d0537cb6494c3281e3b98525feaa3973
Author: sara <sara57@outlook.com>
Date:   Sun May 28 08:20:23 2017 +0000

    LogHandler.java edited online with Bitbucket

commit 0a33ea85d005937040c82086c6044ff917662593
Author: sara <sara57@outlook.com>
Date:   Sun May 28 08:18:42 2017 +0000

    VegetarianPizza.java edited online with Bitbucket

commit d49f0935f2725a438e9bab48a0126e419cd2aa37
Author: sara <sara57@outlook.com>
Date:   Sun May 28 08:17:26 2017 +0000

    PizzaFactory.java edited online with Bitbucket

commit 13feaec5b142aabfa5b7466dde9ad1e86b712030
Author: sara <sara57@outlook.com>
Date:   Sun May 28 08:16:17 2017 +0000

    Pizza.java edited online with Bitbucket

commit 13fcb15e9f527f30dcdcd759082be6dd4b0332bb
Author: sara <sara57@outlook.com>
Date:   Sun May 28 08:15:08 2017 +0000

    MeatLoversPizza.java edited online with Bitbucket

commit 461f0b5adb8f77041d2a4e80940434da430a539c
Author: sara <sara57@outlook.com>
Date:   Sun May 28 08:13:56 2017 +0000

    MargheritaPizza.java edited online with Bitbucket

commit 5c96b18a0a2485e23b578c9a6be87ca401c32a83
Author: sara <sara57@outlook.com>
Date:   Sun May 28 08:12:29 2017 +0000

    PizzaGUI.java edited online with Bitbucket

commit 0efa0ec70b44be27cbea803abff5bf3e86284332
Author: sara <sara57@outlook.com>
Date:   Sun May 28 08:09:04 2017 +0000

    PickUpCustomer.java edited online with Bitbucket

commit ce83386ca5b7262f71f9b6151ba1ac9db2f8f1a5
Author: sara <sara57@outlook.com>
Date:   Sun May 28 07:54:25 2017 +0000

    DroneDeliveryCustomer.java edited online with Bitbucket

commit 728040e3189d07169a05c6ba0c784c5fefbe9cc5
Author: sara <sara57@outlook.com>
Date:   Sun May 28 07:41:40 2017 +0000

    DriverDeliveryCustomer.java edited online with Bitbucket

commit 7c6ce37d1ac225f88c944805655980bee5235bcb
Author: sara <sara57@outlook.com>
Date:   Sun May 28 07:37:14 2017 +0000

    CustomerFactory.java edited online with Bitbucket

commit f4dbac9dc4258f83133c32cdd57c40e1c929e8b2
Author: sara <sara57@outlook.com>
Date:   Sun May 28 07:32:41 2017 +0000

    Customer.java edited online with Bitbucket

commit 836a0b6db548a3ad48d5bdd9b77c072f71d281b2
Author: sara <sara57@outlook.com>
Date:   Sun May 28 07:30:13 2017 +0000

    Customer.java edited online with Bitbucket

commit 7dbe90423b6813ca34e96d1fe9842db7ba03687c
Author: alan <awoodley@qut.edu.au>
Date:   Fri May 5 17:04:42 2017 +1000

    Fixed typos

commit 6c318c6355efac47ebaa1b4fbebad97b232c2e2e
Author: alan <awoodley@qut.edu.au>
Date:   Fri May 5 17:02:09 2017 +1000

    Changed PizzaResturant.processLog to say 'true if the file was process correctly'

commit d209e252f0d37ea6593fdbaf85b7eeb820a79667
Author: alan <awoodley@qut.edu.au>
Date:   Fri May 5 16:52:17 2017 +1000

    Updating log files to remove empty final line

commit 434d3ada012f0e03d37b9527d8f9bdff01ca572b
Author: alan <awoodley@qut.edu.au>
Date:   Tue Apr 25 18:36:28 2017 +1000

    .

commit f748592b2f1fe58edc493dfacce042ef85c91244
Author: alan <awoodley@qut.edu.au>
Date:   Tue Apr 25 18:05:34 2017 +1000

    .

commit dfba34718a2fd75e1bc3721b8770c7466003ab56
Author: alan <awoodley@qut.edu.au>
Date:   Tue Apr 25 18:04:54 2017 +1000

    .

commit e951c1e8b6ea69b11df52b6f3f175173c920375e
Author: awoodley <a.woodley@qut.edu.au>
Date:   Tue Apr 25 06:32:36 2017 +0000

    .
